2025-58-02/13/25 19:58:56-root-DEBUG-This is a debug message
2025-58-02/13/25 19:58:56-root-INFO-This is an info message
2025-58-02/13/25 19:58:56-root-WARNING-This is a warning message
2025-58-02/13/25 19:58:56-root-ERROR-This is an error message
2025-58-02/13/25 19:58:56-root-CRITICAL-This is a critical message
2025-59-02/13/25 19:59:08-root-DEBUG-This is a debug message
2025-59-02/13/25 19:59:08-root-INFO-This is an info message
2025-59-02/13/25 19:59:08-root-WARNING-This is a warning message
2025-59-02/13/25 19:59:08-root-ERROR-This is an error message
2025-59-02/13/25 19:59:08-root-CRITICAL-This is a critical message
2025-59-02/13/25 19:59:47-root-DEBUG-This is a debug message
2025-59-02/13/25 19:59:47-root-INFO-This is an info message
2025-59-02/13/25 19:59:47-root-WARNING-This is a warning message
2025-59-02/13/25 19:59:47-root-ERROR-This is an error message
2025-59-02/13/25 19:59:47-root-CRITICAL-This is a critical message
2025-59-02/13/25 19:59:47-root-DEBUG-This is a debug message
2025-59-02/13/25 19:59:47-root-INFO-This is an info message
2025-59-02/13/25 19:59:47-root-WARNING-This is a warning message
2025-59-02/13/25 19:59:47-root-ERROR-This is an error message
2025-59-02/13/25 19:59:47-root-CRITICAL-This is a critical message
2025-59-02/13/25 19:59:47-root-DEBUG-This is a debug message
2025-59-02/13/25 19:59:47-root-INFO-This is an info message
2025-59-02/13/25 19:59:47-root-WARNING-This is a warning message
2025-59-02/13/25 19:59:47-root-ERROR-This is an error message
2025-59-02/13/25 19:59:47-root-CRITICAL-This is a critical message
2025-59-02/13/25 19:59:51-root-DEBUG-This is a debug message
2025-59-02/13/25 19:59:51-root-INFO-This is an info message
2025-59-02/13/25 19:59:51-root-WARNING-This is a warning message
2025-59-02/13/25 19:59:51-root-ERROR-This is an error message
2025-59-02/13/25 19:59:51-root-CRITICAL-This is a critical message
2025-00-02/13/25 20:00:09-root-DEBUG-This is a debug message
2025-00-02/13/25 20:00:09-root-INFO-This is an info message
2025-00-02/13/25 20:00:09-root-WARNING-This is a warning message
2025-00-02/13/25 20:00:09-root-ERROR-This is an error message
2025-00-02/13/25 20:00:09-root-CRITICAL-This is a critical message
2025-00-02/13/25 20:00:24-root-DEBUG-This is a debug message
2025-00-02/13/25 20:00:24-root-INFO-This is an info message
2025-00-02/13/25 20:00:24-root-WARNING-This is a warning message
2025-00-02/13/25 20:00:24-root-ERROR-This is an error message
2025-00-02/13/25 20:00:24-root-CRITICAL-This is a critical message
2025-00-02/13/25 20:00:33-root-DEBUG-This is a debug message
2025-00-02/13/25 20:00:33-root-INFO-This is an info message
2025-00-02/13/25 20:00:33-root-WARNING-This is a warning message
2025-00-02/13/25 20:00:33-root-ERROR-This is an error message
2025-00-02/13/25 20:00:33-root-CRITICAL-This is a critical message
2025-00-02/13/25 20:00:34-root-DEBUG-This is a debug message
2025-00-02/13/25 20:00:34-root-INFO-This is an info message
2025-00-02/13/25 20:00:34-root-WARNING-This is a warning message
2025-00-02/13/25 20:00:34-root-ERROR-This is an error message
2025-00-02/13/25 20:00:34-root-CRITICAL-This is a critical message
2025-00-02/13/25 20:00:39-root-DEBUG-This is a debug message
2025-00-02/13/25 20:00:39-root-INFO-This is an info message
2025-00-02/13/25 20:00:39-root-WARNING-This is a warning message
2025-00-02/13/25 20:00:39-root-ERROR-This is an error message
2025-00-02/13/25 20:00:39-root-CRITICAL-This is a critical message
